<?xml version="1.0" encoding="UTF-8"?>
<testsuite xmlns:xsi="http://www.w3.org/2001/XMLSchema-instance" xsi:noNamespaceSchemaLocation="https://maven.apache.org/surefire/maven-surefire-plugin/xsd/surefire-test-report.xsd" name="org.selenide.runner.Testrunner" time="3.373" tests="3" errors="0" skipped="0" failures="0">
  <properties>
[...]
</properties>
  <testcase name="Realizamos la búsqueda en Google #1" classname="Yo" time="2.169"/>
  <testcase name="Realizamos la búsqueda en Google #2" classname="Yo" time="0.493"/>
  <testcase name="Realizamos la búsqueda en Google #3" classname="Yo" time="0.364"/>
</testsuite>